Build started 20/03/2013 23:49:17.
     1>Project "C:\Users\matthews\Documents\Visual Studio 2010\Projects\ComComponentActivator\SampleComponent\SampleComponent.vcxproj" on node 2 (build target(s)).
     1>InitializeBuildStatus:
         Creating "Debug\SampleComponent.unsuccessfulbuild" because "AlwaysCreate" was specified.
       Midl:
         C:\Program Files (x86)\Microsoft SDKs\Windows\v7.0A\bin\midl.exe /D _DEBUG /W1 /nologo /char signed /env win32 /Oicf /h "SampleComponent_i.h" /iid "SampleComponent_i.c" /proxy "SampleComponent_p.c" /tlb "Debug\SampleComponent.tlb" /robust SampleComponent.idl 
         Processing .\SampleComponent.idl
         SampleComponent.idl
         Processing C:\Program Files (x86)\Microsoft SDKs\Windows\v7.0A\include\oaidl.idl
         oaidl.idl
         Processing C:\Program Files (x86)\Microsoft SDKs\Windows\v7.0A\include\objidl.idl
         objidl.idl
         Processing C:\Program Files (x86)\Microsoft SDKs\Windows\v7.0A\include\unknwn.idl
         unknwn.idl
         Processing C:\Program Files (x86)\Microsoft SDKs\Windows\v7.0A\include\wtypes.idl
         wtypes.idl
         Processing C:\Program Files (x86)\Microsoft SDKs\Windows\v7.0A\include\basetsd.h
         basetsd.h
         Processing C:\Program Files (x86)\Microsoft SDKs\Windows\v7.0A\include\guiddef.h
         guiddef.h
         Processing C:\Program Files (x86)\Microsoft SDKs\Windows\v7.0A\include\ocidl.idl
         ocidl.idl
         Processing C:\Program Files (x86)\Microsoft SDKs\Windows\v7.0A\include\oleidl.idl
         oleidl.idl
         Processing C:\Program Files (x86)\Microsoft SDKs\Windows\v7.0A\include\servprov.idl
         servprov.idl
         Processing C:\Program Files (x86)\Microsoft SDKs\Windows\v7.0A\include\urlmon.idl
         urlmon.idl
         Processing C:\Program Files (x86)\Microsoft SDKs\Windows\v7.0A\include\msxml.idl
         msxml.idl
         Processing C:\Program Files (x86)\Microsoft SDKs\Windows\v7.0A\include\oaidl.acf
         oaidl.acf
         Processing C:\Program Files (x86)\Microsoft SDKs\Windows\v7.0A\include\ocidl.acf
         ocidl.acf
       ClCompile:
         c:\Program Files (x86)\Microsoft Visual Studio 10.0\VC\bin\CL.exe /c /ZI /nologo /W3 /WX- /Od /Oy- /D WIN32 /D _WINDOWS /D _DEBUG /D _USRDLL /D _WINDLL /D _UNICODE /D UNICODE /D _ATL_DLL /Gm /EHsc /RTC1 /MDd /GS /fp:precise /Zc:wchar_t /Zc:forScope /Yc"StdAfx.h" /Fp"Debug\SampleComponent.pch" /Fo"Debug\\" /Fd"Debug\vc100.pdb" /Gd /TP /analyze- /errorReport:prompt stdafx.cpp
         stdafx.cpp
         c:\Program Files (x86)\Microsoft Visual Studio 10.0\VC\bin\CL.exe /c /ZI /nologo /W3 /WX- /Od /Oy- /D WIN32 /D _WINDOWS /D _DEBUG /D _USRDLL /D _WINDLL /D _UNICODE /D UNICODE /D _ATL_DLL /Gm /EHsc /RTC1 /MDd /GS /fp:precise /Zc:wchar_t /Zc:forScope /Fo"Debug\\" /Fd"Debug\vc100.pdb" /Gd /TP /analyze- /errorReport:prompt dllmain.cpp
         dllmain.cpp
         c:\Program Files (x86)\Microsoft Visual Studio 10.0\VC\bin\CL.exe /c /ZI /nologo /W3 /WX- /Od /Oy- /D WIN32 /D _WINDOWS /D _DEBUG /D _USRDLL /D _WINDLL /D _UNICODE /D UNICODE /D _ATL_DLL /Gm /EHsc /RTC1 /MDd /GS /fp:precise /Zc:wchar_t /Zc:forScope /Yu"StdAfx.h" /Fp"Debug\SampleComponent.pch" /Fo"Debug\\" /Fd"Debug\vc100.pdb" /Gd /TP /analyze- /errorReport:prompt SampleComponent.cpp Test.cpp
         Test.cpp
         SampleComponent.cpp
         Generating Code...
         c:\Program Files (x86)\Microsoft Visual Studio 10.0\VC\bin\CL.exe /c /ZI /nologo /W3 /WX- /Od /Oy- /D WIN32 /D _WINDOWS /D _DEBUG /D _USRDLL /D _WINDLL /D _UNICODE /D UNICODE /D _ATL_DLL /Gm /EHsc /RTC1 /MDd /GS /fp:precise /Zc:wchar_t /Zc:forScope /Fo"Debug\\" /Fd"Debug\vc100.pdb" /Gd /TC /analyze- /errorReport:prompt SampleComponent_i.c
         SampleComponent_i.c
       ResourceCompile:
         C:\Program Files (x86)\Microsoft SDKs\Windows\v7.0A\bin\rc.exe /D _DEBUG /D _UNICODE /D UNICODE /l"0x0409" /IDebug\ /nologo /fo"Debug\SampleComponent.res" SampleComponent.rc 
       ManifestResourceCompile:
         C:\Program Files (x86)\Microsoft SDKs\Windows\v7.0A\bin\rc.exe /nologo /fo"Debug\SampleComponent.dll.embed.manifest.res" Debug\SampleComponent_manifest.rc 
       Link:
         c:\Program Files (x86)\Microsoft Visual Studio 10.0\VC\bin\link.exe /ERRORREPORT:PROMPT /OUT:"C:\Users\matthews\Documents\Visual Studio 2010\Projects\ComComponentActivator\Debug\SampleComponent.dll" /INCREMENTAL /NOLOGO comsvcs.lib kernel32.lib user32.lib gdi32.lib winspool.lib comdlg32.lib advapi32.lib shell32.lib ole32.lib oleaut32.lib uuid.lib odbc32.lib odbccp32.lib /DEF:".\SampleComponent.def" /MANIFEST /ManifestFile:"Debug\SampleComponent.dll.intermediate.manifest" /MANIFESTUAC:"level='asInvoker' uiAccess='false'" /DEBUG /PDB:"C:\Users\matthews\Documents\Visual Studio 2010\Projects\ComComponentActivator\Debug\SampleComponent.pdb" /SUBSYSTEM:WINDOWS /TLBID:1 /DYNAMICBASE /NXCOMPAT /MACHINE:X86 /DLL Debug\SampleComponent.res
         Debug\SampleComponent.dll.embed.manifest.res
         Debug\dllmain.obj
         Debug\SampleComponent.obj
         Debug\SampleComponent_i.obj
         Debug\stdafx.obj
         Debug\Test.obj
            Creating library C:\Users\matthews\Documents\Visual Studio 2010\Projects\ComComponentActivator\Debug\SampleComponent.lib and object C:\Users\matthews\Documents\Visual Studio 2010\Projects\ComComponentActivator\Debug\SampleComponent.exp
       Manifest:
         C:\Program Files (x86)\Microsoft SDKs\Windows\v7.0A\bin\mt.exe /nologo /verbose /out:"Debug\SampleComponent.dll.embed.manifest" /manifest Debug\SampleComponent.dll.intermediate.manifest
         All outputs are up-to-date.
       LinkEmbedManifest:
         All outputs are up-to-date.
         SampleComponent.vcxproj -> C:\Users\matthews\Documents\Visual Studio 2010\Projects\ComComponentActivator\Debug\SampleComponent.dll
       RegisterOutput:
         regsvr32 /s "C:\Users\matthews\Documents\Visual Studio 2010\Projects\ComComponentActivator\Debug\SampleComponent.dll"
       FinalizeBuildStatus:
         Deleting file "Debug\SampleComponent.unsuccessfulbuild".
         Touching "Debug\SampleComponent.lastbuildstate".
     1>Done Building Project "C:\Users\matthews\Documents\Visual Studio 2010\Projects\ComComponentActivator\SampleComponent\SampleComponent.vcxproj" (build target(s)).

Build succeeded.

Time Elapsed 00:00:19.87
