C:\USERS\MATTHEWS\DOCUMENTS\VISUAL STUDIO 2010\PROJECTS\SAMPLECOMPONENT\DEBUG\SAMPLECOMPONENT.DLL
c:\users\matthews\documents\visual studio 2010\Projects\SampleComponent\Debug\SampleComponent.exp
C:\USERS\MATTHEWS\DOCUMENTS\VISUAL STUDIO 2010\PROJECTS\SAMPLECOMPONENT\DEBUG\SAMPLECOMPONENT.ILK
c:\users\matthews\documents\visual studio 2010\Projects\SampleComponent\Debug\SampleComponent.lib
C:\USERS\MATTHEWS\DOCUMENTS\VISUAL STUDIO 2010\PROJECTS\SAMPLECOMPONENT\DEBUG\SAMPLECOMPONENT.PDB
c:\Users\matthews\documents\visual studio 2010\Projects\SampleComponent\SampleComponent\Debug\cl.command.1.tlog
c:\Users\matthews\documents\visual studio 2010\Projects\SampleComponent\SampleComponent\Debug\CL.read.1.tlog
c:\Users\matthews\documents\visual studio 2010\Projects\SampleComponent\SampleComponent\Debug\CL.write.1.tlog
C:\USERS\MATTHEWS\DOCUMENTS\VISUAL STUDIO 2010\PROJECTS\SAMPLECOMPONENT\SAMPLECOMPONENT\DEBUG\DLLMAIN.OBJ
c:\Users\matthews\documents\visual studio 2010\Projects\SampleComponent\SampleComponent\Debug\link.command.1.tlog
c:\Users\matthews\documents\visual studio 2010\Projects\SampleComponent\SampleComponent\Debug\link.read.1.tlog
c:\Users\matthews\documents\visual studio 2010\Projects\SampleComponent\SampleComponent\Debug\link.write.1.tlog
c:\Users\matthews\documents\visual studio 2010\Projects\SampleComponent\SampleComponent\Debug\link-cvtres.read.1.tlog
c:\Users\matthews\documents\visual studio 2010\Projects\SampleComponent\SampleComponent\Debug\link-cvtres.write.1.tlog
c:\Users\matthews\documents\visual studio 2010\Projects\SampleComponent\SampleComponent\Debug\midl.command.1.tlog
c:\Users\matthews\documents\visual studio 2010\Projects\SampleComponent\SampleComponent\Debug\midl.read.1.tlog
c:\Users\matthews\documents\visual studio 2010\Projects\SampleComponent\SampleComponent\Debug\midl.write.1.tlog
c:\Users\matthews\documents\visual studio 2010\Projects\SampleComponent\SampleComponent\Debug\midl-midlc.read.1.tlog
c:\Users\matthews\documents\visual studio 2010\Projects\SampleComponent\SampleComponent\Debug\midl-midlc.write.1.tlog
c:\Users\matthews\documents\visual studio 2010\Projects\SampleComponent\SampleComponent\Debug\midl-midlc-cl.read.1.tlog
c:\Users\matthews\documents\visual studio 2010\Projects\SampleComponent\SampleComponent\Debug\midl-midlc-cl.write.1.tlog
c:\Users\matthews\documents\visual studio 2010\Projects\SampleComponent\SampleComponent\Debug\mt.command.1.tlog
c:\Users\matthews\documents\visual studio 2010\Projects\SampleComponent\SampleComponent\Debug\mt.read.1.tlog
c:\Users\matthews\documents\visual studio 2010\Projects\SampleComponent\SampleComponent\Debug\mt.write.1.tlog
c:\Users\matthews\documents\visual studio 2010\Projects\SampleComponent\SampleComponent\Debug\rc.command.1.tlog
c:\Users\matthews\documents\visual studio 2010\Projects\SampleComponent\SampleComponent\Debug\rc.read.1.tlog
c:\Users\matthews\documents\visual studio 2010\Projects\SampleComponent\SampleComponent\Debug\rc.write.1.tlog
C:\USERS\MATTHEWS\DOCUMENTS\VISUAL STUDIO 2010\PROJECTS\SAMPLECOMPONENT\SAMPLECOMPONENT\DEBUG\SAMPLECOMPONENT.DLL.EMBED.MANIFEST
C:\USERS\MATTHEWS\DOCUMENTS\VISUAL STUDIO 2010\PROJECTS\SAMPLECOMPONENT\SAMPLECOMPONENT\DEBUG\SAMPLECOMPONENT.DLL.EMBED.MANIFEST.RES
C:\USERS\MATTHEWS\DOCUMENTS\VISUAL STUDIO 2010\PROJECTS\SAMPLECOMPONENT\SAMPLECOMPONENT\DEBUG\SAMPLECOMPONENT.DLL.INTERMEDIATE.MANIFEST
C:\USERS\MATTHEWS\DOCUMENTS\VISUAL STUDIO 2010\PROJECTS\SAMPLECOMPONENT\SAMPLECOMPONENT\DEBUG\SAMPLECOMPONENT.OBJ
C:\USERS\MATTHEWS\DOCUMENTS\VISUAL STUDIO 2010\PROJECTS\SAMPLECOMPONENT\SAMPLECOMPONENT\DEBUG\SAMPLECOMPONENT.PCH
C:\USERS\MATTHEWS\DOCUMENTS\VISUAL STUDIO 2010\PROJECTS\SAMPLECOMPONENT\SAMPLECOMPONENT\DEBUG\SAMPLECOMPONENT.RES
C:\USERS\MATTHEWS\DOCUMENTS\VISUAL STUDIO 2010\PROJECTS\SAMPLECOMPONENT\SAMPLECOMPONENT\DEBUG\SAMPLECOMPONENT.TLB
c:\Users\matthews\documents\visual studio 2010\Projects\SampleComponent\SampleComponent\Debug\SampleComponent.write.1.tlog
C:\USERS\MATTHEWS\DOCUMENTS\VISUAL STUDIO 2010\PROJECTS\SAMPLECOMPONENT\SAMPLECOMPONENT\DEBUG\SAMPLECOMPONENT_I.OBJ
c:\Users\matthews\documents\visual studio 2010\Projects\SampleComponent\SampleComponent\Debug\SampleComponent_manifest.rc
C:\USERS\MATTHEWS\DOCUMENTS\VISUAL STUDIO 2010\PROJECTS\SAMPLECOMPONENT\SAMPLECOMPONENT\DEBUG\STDAFX.OBJ
C:\USERS\MATTHEWS\DOCUMENTS\VISUAL STUDIO 2010\PROJECTS\SAMPLECOMPONENT\SAMPLECOMPONENT\DEBUG\TEST.OBJ
c:\Users\matthews\documents\visual studio 2010\Projects\SampleComponent\SampleComponent\Debug\vc100.idb
C:\USERS\MATTHEWS\DOCUMENTS\VISUAL STUDIO 2010\PROJECTS\SAMPLECOMPONENT\SAMPLECOMPONENT\DEBUG\VC100.PDB
C:\USERS\MATTHEWS\DOCUMENTS\VISUAL STUDIO 2010\PROJECTS\SAMPLECOMPONENT\SAMPLECOMPONENT\SAMPLECOMPONENT_I.C
C:\USERS\MATTHEWS\DOCUMENTS\VISUAL STUDIO 2010\PROJECTS\SAMPLECOMPONENT\SAMPLECOMPONENT\SAMPLECOMPONENT_I.H
C:\USERS\MATTHEWS\DOCUMENTS\VISUAL STUDIO 2010\PROJECTS\SAMPLECOMPONENT\SAMPLECOMPONENT\SAMPLECOMPONENT_P.C
